c:\users\ruair\ruairi\key_vin\navkey\shortcut_project\x64\release\vc143.pdb
c:\users\ruair\ruairi\key_vin\navkey\shortcut_project\x64\release\uielementscanner.obj
c:\users\ruair\ruairi\key_vin\navkey\shortcut_project\x64\release\trayicon.obj
c:\users\ruair\ruairi\key_vin\navkey\shortcut_project\x64\release\main.obj
c:\users\ruair\ruairi\key_vin\navkey\shortcut_project\x64\release\inputhandler.obj
c:\users\ruair\ruairi\key_vin\navkey\shortcut_project\x64\release\hintoverlay.obj
c:\users\ruair\ruairi\key_vin\navkey\shortcut_project\x64\release\cursorhalo.obj
c:\users\ruair\ruairi\key_vin\navkey\release\shortcut_project.exe
c:\users\ruair\ruairi\key_vin\navkey\release\shortcut_project.pdb
c:\users\ruair\ruairi\key_vin\navkey\shortcut_project\x64\release\shortcut_project.res
c:\users\ruair\ruairi\key_vin\navkey\shortcut_project\x64\release\shortcut_project.ipdb
c:\users\ruair\ruairi\key_vin\navkey\shortcut_project\x64\release\shortcut_project.iobj
c:\users\ruair\ruairi\key_vin\navkey\shortcut_project\x64\release\shortcut_project.tlog\cl.command.1.tlog
c:\users\ruair\ruairi\key_vin\navkey\shortcut_project\x64\release\shortcut_project.tlog\cl.items.tlog
c:\users\ruair\ruairi\key_vin\navkey\shortcut_project\x64\release\shortcut_project.tlog\cl.read.1.tlog
c:\users\ruair\ruairi\key_vin\navkey\shortcut_project\x64\release\shortcut_project.tlog\cl.write.1.tlog
c:\users\ruair\ruairi\key_vin\navkey\shortcut_project\x64\release\shortcut_project.tlog\link.command.1.tlog
c:\users\ruair\ruairi\key_vin\navkey\shortcut_project\x64\release\shortcut_project.tlog\link.read.1.tlog
c:\users\ruair\ruairi\key_vin\navkey\shortcut_project\x64\release\shortcut_project.tlog\link.secondary.1.tlog
c:\users\ruair\ruairi\key_vin\navkey\shortcut_project\x64\release\shortcut_project.tlog\link.write.1.tlog
c:\users\ruair\ruairi\key_vin\navkey\shortcut_project\x64\release\shortcut_project.tlog\rc.command.1.tlog
c:\users\ruair\ruairi\key_vin\navkey\shortcut_project\x64\release\shortcut_project.tlog\rc.read.1.tlog
c:\users\ruair\ruairi\key_vin\navkey\shortcut_project\x64\release\shortcut_project.tlog\rc.write.1.tlog
