c:\repositories\ruairi\key_vin\shortcut_project\shortcut_project\x64\debug\vc143.pdb
c:\repositories\ruairi\key_vin\shortcut_project\shortcut_project\x64\debug\vc143.idb
c:\repositories\ruairi\key_vin\shortcut_project\shortcut_project\x64\debug\uielementscanner.obj
c:\repositories\ruairi\key_vin\shortcut_project\shortcut_project\x64\debug\trayicon.obj
c:\repositories\ruairi\key_vin\shortcut_project\shortcut_project\x64\debug\main.obj
c:\repositories\ruairi\key_vin\shortcut_project\shortcut_project\x64\debug\inputhandler.obj
c:\repositories\ruairi\key_vin\shortcut_project\shortcut_project\x64\debug\hintoverlay.obj
c:\repositories\ruairi\key_vin\shortcut_project\shortcut_project\x64\debug\cursorhalo.obj
c:\repositories\ruairi\key_vin\shortcut_project\debug\shortcut_project.exe
c:\repositories\ruairi\key_vin\shortcut_project\debug\shortcut_project.pdb
c:\repositories\ruairi\key_vin\shortcut_project\shortcut_project\x64\debug\shortcut_project.res
c:\repositories\ruairi\key_vin\shortcut_project\shortcut_project\x64\debug\shortcut_project.ilk
c:\users\ruair\ruairi\key_vin\navkey\shortcut_project\x64\debug\cursorhalo.obj
c:\users\ruair\ruairi\key_vin\navkey\shortcut_project\x64\debug\hintoverlay.obj
c:\users\ruair\ruairi\key_vin\navkey\shortcut_project\x64\debug\inputhandler.obj
c:\users\ruair\ruairi\key_vin\navkey\shortcut_project\x64\debug\main.obj
c:\users\ruair\ruairi\key_vin\navkey\shortcut_project\x64\debug\trayicon.obj
c:\users\ruair\ruairi\key_vin\navkey\shortcut_project\x64\debug\uielementscanner.obj
c:\users\ruair\ruairi\key_vin\navkey\shortcut_project\x64\debug\shortcut_project.ilk
c:\users\ruair\ruairi\key_vin\navkey\shortcut_project\x64\debug\shortcut_project.res
c:\users\ruair\ruairi\key_vin\navkey\shortcut_project\x64\debug\vc143.idb
c:\users\ruair\ruairi\key_vin\navkey\shortcut_project\x64\debug\vc143.pdb
c:\users\ruair\ruairi\key_vin\navkey\debug\shortcut_project.pdb
c:\users\ruair\ruairi\key_vin\navkey\debug\shortcut_project.exe
c:\users\ruair\ruairi\key_vin\navkey\shortcut_project\x64\debug\shortcut_project.tlog\cl.command.1.tlog
c:\users\ruair\ruairi\key_vin\navkey\shortcut_project\x64\debug\shortcut_project.tlog\cl.items.tlog
c:\users\ruair\ruairi\key_vin\navkey\shortcut_project\x64\debug\shortcut_project.tlog\cl.read.1.tlog
c:\users\ruair\ruairi\key_vin\navkey\shortcut_project\x64\debug\shortcut_project.tlog\cl.write.1.tlog
c:\users\ruair\ruairi\key_vin\navkey\shortcut_project\x64\debug\shortcut_project.tlog\link.command.1.tlog
c:\users\ruair\ruairi\key_vin\navkey\shortcut_project\x64\debug\shortcut_project.tlog\link.read.1.tlog
c:\users\ruair\ruairi\key_vin\navkey\shortcut_project\x64\debug\shortcut_project.tlog\link.secondary.1.tlog
c:\users\ruair\ruairi\key_vin\navkey\shortcut_project\x64\debug\shortcut_project.tlog\link.write.1.tlog
c:\users\ruair\ruairi\key_vin\navkey\shortcut_project\x64\debug\shortcut_project.tlog\rc.command.1.tlog
c:\users\ruair\ruairi\key_vin\navkey\shortcut_project\x64\debug\shortcut_project.tlog\rc.read.1.tlog
c:\users\ruair\ruairi\key_vin\navkey\shortcut_project\x64\debug\shortcut_project.tlog\rc.write.1.tlog
